
 Population size = 100
 Number of generations = 5000
 Number of objective functions = 2
 Number of constraints = 2
 Number of real variables = 9
 Lower limit of real variable 1 = 0.000000e+00
 Upper limit of real variable 1 = 1.000000e+00
 Lower limit of real variable 2 = 0.000000e+00
 Upper limit of real variable 2 = 1.000000e+00
 Lower limit of real variable 3 = 0.000000e+00
 Upper limit of real variable 3 = 1.000000e+00
 Lower limit of real variable 4 = 0.000000e+00
 Upper limit of real variable 4 = 1.000000e+00
 Lower limit of real variable 5 = 0.000000e+00
 Upper limit of real variable 5 = 1.000000e+00
 Lower limit of real variable 6 = 0.000000e+00
 Upper limit of real variable 6 = 1.000000e+00
 Lower limit of real variable 7 = 0.000000e+00
 Upper limit of real variable 7 = 1.000000e+00
 Lower limit of real variable 8 = 0.000000e+00
 Upper limit of real variable 8 = 1.000000e+00
 Lower limit of real variable 9 = 0.000000e+00
 Upper limit of real variable 9 = 1.000000e+00
 Probability of crossover of real variable = 9.000000e-01
 Probability of mutation of real variable = 1.000000e-01
 Distribution index for crossover = 5.000000e+00
 Distribution index for mutation = 1.000000e+01
 Number of binary variables = 0
 Seed for random number generator = 1.000000e-03
 Number of crossover of real variable = 224855
 Number of mutation of real variable = 449540